j:\.dev\goobo\goobo\vendor\glfw\bin\debug-windows-x86_64\glfw\glfw.pdb
j:\.dev\goobo\goobo\vendor\glfw\bin\debug-windows-x86_64\glfw\glfw.idb
j:\.dev\goobo\goobo\vendor\glfw\bin-int\debug-windows-x86_64\glfw\win32_window.obj
j:\.dev\goobo\goobo\vendor\glfw\bin-int\debug-windows-x86_64\glfw\win32_time.obj
j:\.dev\goobo\goobo\vendor\glfw\bin-int\debug-windows-x86_64\glfw\win32_thread.obj
j:\.dev\goobo\goobo\vendor\glfw\bin-int\debug-windows-x86_64\glfw\win32_monitor.obj
j:\.dev\goobo\goobo\vendor\glfw\bin-int\debug-windows-x86_64\glfw\win32_module.obj
j:\.dev\goobo\goobo\vendor\glfw\bin-int\debug-windows-x86_64\glfw\win32_joystick.obj
j:\.dev\goobo\goobo\vendor\glfw\bin-int\debug-windows-x86_64\glfw\win32_init.obj
j:\.dev\goobo\goobo\vendor\glfw\bin-int\debug-windows-x86_64\glfw\wgl_context.obj
j:\.dev\goobo\goobo\vendor\glfw\bin-int\debug-windows-x86_64\glfw\vulkan.obj
j:\.dev\goobo\goobo\vendor\glfw\bin-int\debug-windows-x86_64\glfw\platform.obj
j:\.dev\goobo\goobo\vendor\glfw\bin-int\debug-windows-x86_64\glfw\osmesa_context.obj
j:\.dev\goobo\goobo\vendor\glfw\bin-int\debug-windows-x86_64\glfw\null_window.obj
j:\.dev\goobo\goobo\vendor\glfw\bin-int\debug-windows-x86_64\glfw\null_monitor.obj
j:\.dev\goobo\goobo\vendor\glfw\bin-int\debug-windows-x86_64\glfw\null_joystick.obj
j:\.dev\goobo\goobo\vendor\glfw\bin-int\debug-windows-x86_64\glfw\null_init.obj
j:\.dev\goobo\goobo\vendor\glfw\bin-int\debug-windows-x86_64\glfw\monitor.obj
j:\.dev\goobo\goobo\vendor\glfw\bin-int\debug-windows-x86_64\glfw\input.obj
j:\.dev\goobo\goobo\vendor\glfw\bin-int\debug-windows-x86_64\glfw\init.obj
j:\.dev\goobo\goobo\vendor\glfw\bin-int\debug-windows-x86_64\glfw\egl_context.obj
j:\.dev\goobo\goobo\vendor\glfw\bin-int\debug-windows-x86_64\glfw\context.obj
j:\.dev\goobo\goobo\vendor\glfw\bin-int\debug-windows-x86_64\glfw\window.obj
j:\.dev\goobo\goobo\vendor\glfw\bin\debug-windows-x86_64\glfw\glfw.lib
j:\.dev\goobo\goobo\vendor\glfw\bin-int\debug-windows-x86_64\glfw\glfw.tlog\cl.command.1.tlog
j:\.dev\goobo\goobo\vendor\glfw\bin-int\debug-windows-x86_64\glfw\glfw.tlog\cl.read.1.tlog
j:\.dev\goobo\goobo\vendor\glfw\bin-int\debug-windows-x86_64\glfw\glfw.tlog\cl.write.1.tlog
j:\.dev\goobo\goobo\vendor\glfw\bin-int\debug-windows-x86_64\glfw\glfw.tlog\lib-link.read.1.tlog
j:\.dev\goobo\goobo\vendor\glfw\bin-int\debug-windows-x86_64\glfw\glfw.tlog\lib-link.write.1.tlog
j:\.dev\goobo\goobo\vendor\glfw\bin-int\debug-windows-x86_64\glfw\glfw.tlog\lib.command.1.tlog
