Environment at start of build:
ALLUSERSPROFILE = C:\ProgramData
ANDROID_AVD_HOME = Z:\AndroidStudio\SDK
ANDROID_SDK_HOME = Z:\AndroidStudio\SDK
APPDATA = C:\Users\Arkhive\AppData\Roaming
ChocolateyInstall = C:\ProgramData\chocolatey
ChocolateyLastPathUpdate = 132766404278589696
CommonProgramFiles = C:\Program Files\Common Files
CommonProgramFiles(x86) = C:\Program Files (x86)\Common Files
CommonProgramW6432 = C:\Program Files\Common Files
COMPUTERNAME = DESKTOP-8CDBU9J
ComSpec = C:\WINDOWS\system32\cmd.exe
DriverData = C:\Windows\System32\Drivers\DriverData
ForceIdentityAuthenticationType = Embedded
FPS_BROWSER_APP_PROFILE_STRING = Internet Explorer
FPS_BROWSER_USER_PROFILE_STRING = Default
GIT_LFS_PATH = Z:\Git LFS
HOMEDRIVE = C:
HOMEPATH = \Users\Arkhive
JAVA_HOME = C:\Program Files\Java\jdk-16.0.1
LOCALAPPDATA = C:\Users\Arkhive\AppData\Local
LOGONSERVER = \\DESKTOP-8CDBU9J
MSBuildLoadMicrosoftTargetsReadOnly = true
NUMBER_OF_PROCESSORS = 16
NVM_HOME = Z:\NODE\Node
NVM_SYMLINK = C:\Program Files\nodejs
OculusBase = Z:\Oculus\
OneDrive = C:\Users\Arkhive\OneDrive
OS = Windows_NT
Path = C:\Python310\Scripts\;C:\Python310\;C:\Python39\Scripts\;C:\Python39\;Z:\Oculus\Support\oculus-runtime;C:\Program Files (x86)\Razer Chroma SDK\bin;C:\Program Files\Razer Chroma SDK\bin;C:\Program Files (x86)\Common Files\Oracle\Java\javapath;C:\Program Files (x86)\Razer\ChromaBroadcast\bin;C:\Program Files\Razer\ChromaBroadcast\bin;C:\WINDOWS\system32;C:\WINDOWS;C:\WINDOWS\System32\Wbem;C:\WINDOWS\System32\WindowsPowerShell\v1.0\;C:\WINDOWS\System32\OpenSSH\;C:\Program Files\NVIDIA Corporation\NVIDIA NvDLISR;C:\Program Files (x86)\NVIDIA Corporation\PhysX\Common;C:\Program Files\dotnet\;C:\WINDOWS\system32;C:\WINDOWS;C:\WINDOWS\System32\Wbem;C:\WINDOWS\System32\WindowsPowerShell\v1.0\;C:\WINDOWS\System32\OpenSSH\;C:\Users\Arkhive\AppData\Local\Microsoft\WindowsApps;C:\Users\Arkhive\.dotnet\tools;C:\Users\Arkhive\AppData\Local\GitHubDesktop\bin;J:\Git LFS;C:\WINDOWS\system32\config\systemprofile\AppData\Local\Microsoft\WindowsApps;C:\ProgramData\chocolatey\bin;Z:\Git LFS;J:\Git\cmd;%NVM_HOME%;C:\Program Files\nodejs;C:\Program Files\Docker\Docker\resources\bin;C:\ProgramData\DockerDesktop\version-bin;C:\Users\Arkhive\AppData\Roaming\npm;J:\VS Code\Microsoft VS Code\bin;Z:\Mongosh\
PATHEXT = .COM;.EXE;.BAT;.CMD;.VBS;.VBE;.JS;.JSE;.WSF;.WSH;.MSC;.PY;.PYW
PkgDefApplicationConfigFile = C:\Users\Arkhive\AppData\Local\Microsoft\VisualStudio\17.0_e0554633\devenv.exe.config
PROCESSOR_ARCHITECTURE = AMD64
PROCESSOR_IDENTIFIER = AMD64 Family 23 Model 113 Stepping 0, AuthenticAMD
PROCESSOR_LEVEL = 23
PROCESSOR_REVISION = 7100
ProgramData = C:\ProgramData
ProgramFiles = C:\Program Files
ProgramFiles(x86) = C:\Program Files (x86)
ProgramW6432 = C:\Program Files
PSModulePath = %ProgramFiles%\WindowsPowerShell\Modules;C:\WINDOWS\system32\WindowsPowerShell\v1.0\Modules
PUBLIC = C:\Users\Public
ServiceHubLogSessionKey = 05C7CBFC
SESSIONNAME = Console
SignInWithHomeTenantOnly = False
SystemDrive = C:
SystemRoot = C:\WINDOWS
TEMP = C:\Users\Arkhive\AppData\Local\Temp
ThreadedWaitDialogDpiContext = -4
TMP = C:\Users\Arkhive\AppData\Local\Temp
USERDOMAIN = DESKTOP-8CDBU9J
USERDOMAIN_ROAMINGPROFILE = DESKTOP-8CDBU9J
USERNAME = waspdancer
USERPROFILE = C:\Users\Arkhive
VBOX_HWVIRTEX_IGNORE_SVM_IN_USE = 1
VBOX_MSI_INSTALL_PATH = J:\VirtualBox\
VisualStudioDir = C:\Users\Arkhive\Documents\Visual Studio 2022
VisualStudioEdition = Microsoft Visual Studio Community 2022
VisualStudioVersion = 17.0
VSAPPIDDIR = J:\VS2022\Common7\IDE\
VSAPPIDNAME = devenv.exe
VSLANG = 1033
VSSKUEDITION = Community
windir = C:\WINDOWS

  context.c
  egl_context.c
  init.c
  input.c
  monitor.c
  null_init.c
  null_joystick.c
  null_monitor.c
  null_window.c
  osmesa_context.c
  platform.c
  vulkan.c
  wgl_context.c
  win32_init.c
  win32_joystick.c
  win32_module.c
  win32_monitor.c
  win32_thread.c
  win32_time.c
  win32_window.c
  Generating Code...
  Compiling...
  window.c
  Generating Code...
  GLFW.vcxproj -> J:\.dev\Goobo\Goobo\vendor\GLFW\bin\Debug-windows-x86_64\GLFW\GLFW.lib

Project Performance Summary:
     3979 ms  J:\.dev\Goobo\Goobo\vendor\GLFW\GLFW.vcxproj   1 calls
               3979 ms  Build                                      1 calls

Target Performance Summary:
        0 ms  _ResourceCompile                           1 calls
        0 ms  _XdcMake                                   1 calls
        0 ms  MakeDirsForXdcMake                         1 calls
        0 ms  ComputeCLCompileGeneratedXDCFiles          1 calls
        0 ms  ResolvedXDCMake                            1 calls
        0 ms  RegisterOutput                             1 calls
        0 ms  _Manifest                                  1 calls
        0 ms  _ALink                                     1 calls
        0 ms  ComputeLegacyManifestEmbedding             1 calls
        0 ms  BuildLinkTraverse                          1 calls
        0 ms  BuildCompile                               1 calls
        0 ms  _BuildCompileAction                        1 calls
        0 ms  AfterBuildCompileEvent                     1 calls
        0 ms  _Lib                                       1 calls
        0 ms  AfterLib                                   1 calls
        0 ms  PreLinkEvent                               1 calls
        0 ms  DoLibOutputFilesMatch                      1 calls
        0 ms  MakeDirsForLib                             1 calls
        0 ms  ComputeLibInputsFromProject                1 calls
        0 ms  ComputeCLGeneratedLibInputs                1 calls
        0 ms  ComputeRCGeneratedLibInputs                1 calls
        0 ms  ComputeRCOutputs                           1 calls
        0 ms  ComputeLibAdditionalOptions                1 calls
        0 ms  BeforeLib                                  1 calls
        0 ms  MakeDirsForBscMake                         1 calls
        0 ms  _BscMake                                   1 calls
        0 ms  BuiltProjectOutputGroup                    1 calls
        0 ms  AssignTargetPaths                          1 calls
        0 ms  IncrementalClean                           1 calls
        0 ms  AfterBuild                                 1 calls
        0 ms  BuildLink                                  1 calls
        0 ms  _BuildLinkAction                           1 calls
        0 ms  PostBuildEvent                             1 calls
        0 ms  PrepareForRun                              1 calls
        0 ms  CopyFilesToOutputDirectory                 1 calls
        0 ms  _CheckForCompileOutputs                    1 calls
        0 ms  _CopySourceItemsToOutputDirectory          1 calls
        0 ms  _GetCopyToOutputDirectoryItemsFromThisProject   1 calls
        0 ms  _GetCopyToOutputDirectoryItemsFromTransitiveProjectReferences   1 calls
        0 ms  AfterResourceCompile                       1 calls
        0 ms  GetCopyToOutputDirectoryItems              1 calls
        0 ms  _PopulateCommonStateForGetCopyToOutputDirectoryItems   1 calls
        0 ms  _Deploy                                    1 calls
        0 ms  _Appverifier                               1 calls
        0 ms  CreateSatelliteAssemblies                  1 calls
        0 ms  _GenerateSatelliteAssemblyInputs           1 calls
        0 ms  CreateRecipeFile                           1 calls
        0 ms  ContentFilesProjectOutputGroup             1 calls
        0 ms  MakeDirsForFxc                             1 calls
        0 ms  PrepareResourceNames                       1 calls
        0 ms  CreateCustomManifestResourceNames          1 calls
        0 ms  SplitResourcesByCulture                    1 calls
        0 ms  GetCopyToOutputDirectoryXamlAppDefs        1 calls
        0 ms  MakeDirsForResourceCompile                 1 calls
        0 ms  Build                                      1 calls
        0 ms  _ClCompile                                 1 calls
        0 ms  _SelectedFiles                             1 calls
        0 ms  BeforeResourceCompile                      1 calls
        0 ms  BeforeBuildGenerateSources                 1 calls
        0 ms  BuildGenerateSourcesTraverse               1 calls
        0 ms  ResolveReferences                          1 calls
        0 ms  AfterResolveReferences                     1 calls
        0 ms  ResolveAssemblyReferences                  1 calls
        0 ms  ResolveSDKReferences                       1 calls
        0 ms  _CheckWindowsSDKInstalled                  1 calls
        0 ms  GetResolvedWinMD                           1 calls
        0 ms  SetBuildDefaultEnvironmentVariables        1 calls
        0 ms  AddExternalIncludDirectoriesToPaths        1 calls
        0 ms  GetReferenceAssemblyPaths                  1 calls
        0 ms  GetFrameworkPaths                          1 calls
        0 ms  ResolveProjectReferences                   1 calls
        0 ms  PrepareProjectReferences                   1 calls
        0 ms  _GetProjectReferenceTargetFrameworkProperties   1 calls
        0 ms  _AddOutputPathToGlobalPropertiesToRemove   1 calls
        0 ms  _SplitProjectReferencesByFileExistence     1 calls
        0 ms  BeforeResolveReferences                    1 calls
        0 ms  _PrepareForReferenceResolution             1 calls
        0 ms  _PrepareForBuild                           1 calls
        0 ms  SetTelemetryEnvironmentVariables           1 calls
        0 ms  SelectCustomBuild                          1 calls
        0 ms  ComputeCustomBuildOutput                   1 calls
        0 ms  PreBuildEvent                              1 calls
        0 ms  CopyFileToFolders                          1 calls
        0 ms  AfterClCompile                             1 calls
        0 ms  MakeDirsForCl                              1 calls
        0 ms  ComputeReferenceCLInput                    1 calls
        0 ms  GetReferencedVCProjectsInfo                1 calls
        0 ms  FindReferenceAssembliesForReferences       1 calls
        0 ms  ComputeCLInputPDBName                      1 calls
        0 ms  BeforeClCompile                            1 calls
        0 ms  BuildGenerateSources                       1 calls
        0 ms  _BuildGenerateSourcesAction                1 calls
        0 ms  BuildCompileTraverse                       1 calls
        0 ms  MakeDirsForMidl                            1 calls
        0 ms  AfterBuildGenerateSources                  1 calls
        0 ms  _Midl                                      1 calls
        0 ms  AfterMidl                                  1 calls
        0 ms  ComputeMIDLGeneratedCompileInputs          1 calls
        0 ms  AfterBuildGenerateSourcesEvent             1 calls
        0 ms  _Xsd                                       1 calls
        1 ms  SatelliteDllsProjectOutputGroup            1 calls
        1 ms  _CleanGetCurrentAndPriorFileWrites         1 calls
        1 ms  AssignProjectConfiguration                 1 calls
        1 ms  PrepareForBuild                            1 calls
        1 ms  SetCABuildNativeEnvironmentVariables       1 calls
        1 ms  CustomBuild                                1 calls
        1 ms  InitializeBuildStatus                      1 calls
        1 ms  SelectClCompile                            1 calls
        1 ms  _CheckForInvalidConfigurationAndPlatform   1 calls
        1 ms  ExpandSDKReferences                        1 calls
        1 ms  ComputeCLOutputs                           1 calls
        1 ms  ComputeCLCompileGeneratedSbrFiles          1 calls
        1 ms  FinalizeBuildStatus                        1 calls
        4 ms  FixupCLCompileOptions                      1 calls
      207 ms  Lib                                        1 calls
     3749 ms  ClCompile                                  1 calls

Task Performance Summary:
        0 ms  Message                                    3 calls
        0 ms  ConvertToAbsolutePath                      1 calls
        0 ms  CallTarget                                 2 calls
        0 ms  GenerateDesktopDeployRecipe                1 calls
        0 ms  AssignCulture                              1 calls
        0 ms  AssignTargetPath                           7 calls
        0 ms  Delete                                     3 calls
        0 ms  FindUnderPath                              5 calls
        0 ms  RemoveDuplicates                           2 calls
        0 ms  WriteLinesToFile                           1 calls
        0 ms  ReadLinesFromFile                          2 calls
        0 ms  CheckVCToolsetVersion                      1 calls
        0 ms  MakeDir                                   10 calls
        0 ms  MSBuild                                    1 calls
        1 ms  AssignProjectConfiguration                 1 calls
        1 ms  SetEnv                                     9 calls
        1 ms  GetOutOfDateItems                          3 calls
        2 ms  Touch                                      2 calls
      206 ms  LIB                                        1 calls
     3747 ms  CL                                         1 calls
